# JRE version: OpenJDK Runtime Environment (17.0.6) (build 17.0.6+0-b2043.56-9586694)
# Java VM: OpenJDK 64-Bit Server VM (17.0.6+0-b2043.56-9586694, mixed mode, tiered, compressed oops, compressed class ptrs, g1 gc, windows-amd64)
GC Precious Log:
 CPUs: 4 total, 4 available
 Memory: 7930M
 Large Page Support: Disabled
 NUMA Support: Disabled
 Compressed Oops: Enabled (32-bit)
 Heap Region Size: 1M
 Heap Min Capacity: 8M
 Heap Initial Capacity: 124M
 Heap Max Capacity: 2G
 Pre-touch: Disabled
 Parallel Workers: 4
 Concurrent Workers: 1
 Concurrent Refinement Workers: 4
 Periodic GC: Disabled
Heap:
 garbage-first heap   total 194560K, used 119447K [0x0000000080000000, 0x0000000100000000)
  region size 1024K, 9 young (9216K), 3 survivors (3072K)
 Metaspace       used 116714K, committed 117376K, reserved 1155072K
  class space    used 16026K, committed 16320K, reserved 1048576K
GC Heap History (20 events):
Event: 44.243 GC heap before
{Heap before GC invocations=42 (full 0):
 garbage-first heap   total 194560K, used 156057K [0x0000000080000000, 0x0000000100000000)
  region size 1024K, 95 young (97280K), 3 survivors (3072K)
 Metaspace       used 82926K, committed 83520K, reserved 1122304K
  class space    used 11193K, committed 11456K, reserved 1048576K
}
Event: 44.262 GC heap after
{Heap after GC invocations=43 (full 0):
 garbage-first heap   total 194560K, used 68861K [0x0000000080000000, 0x0000000100000000)
  region size 1024K, 10 young (10240K), 10 survivors (10240K)
 Metaspace       used 82926K, committed 83520K, reserved 1122304K
  class space    used 11193K, committed 11456K, reserved 1048576K
}
Event: 47.844 GC heap before
{Heap before GC invocations=43 (full 0):
 garbage-first heap   total 194560K, used 149757K [0x0000000080000000, 0x0000000100000000)
  region size 1024K, 89 young (91136K), 10 survivors (10240K)
 Metaspace       used 88479K, committed 89152K, reserved 1130496K
  class space    used 12015K, committed 12288K, reserved 1048576K
}
Event: 47.892 GC heap after
{Heap after GC invocations=44 (full 0):
 garbage-first heap   total 194560K, used 79301K [0x0000000080000000, 0x0000000100000000)
  region size 1024K, 11 young (11264K), 11 survivors (11264K)
 Metaspace       used 88479K, committed 89152K, reserved 1130496K
  class space    used 12015K, committed 12288K, reserved 1048576K
}
Event: 52.821 GC heap before
{Heap before GC invocations=44 (full 0):
 garbage-first heap   total 194560K, used 149957K [0x0000000080000000, 0x0000000100000000)
  region size 1024K, 81 young (82944K), 11 survivors (11264K)
 Metaspace       used 90708K, committed 91328K, reserved 1130496K
  class space    used 12356K, committed 12672K, reserved 1048576K
}
Event: 52.860 GC heap after
{Heap after GC invocations=45 (full 0):
 garbage-first heap   total 194560K, used 85239K [0x0000000080000000, 0x0000000100000000)
  region size 1024K, 6 young (6144K), 6 survivors (6144K)
 Metaspace       used 90708K, committed 91328K, reserved 1130496K
  class space    used 12356K, committed 12672K, reserved 1048576K
}
Event: 56.607 GC heap before
{Heap before GC invocations=45 (full 0):
 garbage-first heap   total 194560K, used 152823K [0x0000000080000000, 0x0000000100000000)
  region size 1024K, 73 young (74752K), 6 survivors (6144K)
 Metaspace       used 91365K, committed 92032K, reserved 1130496K
  class space    used 12409K, committed 12736K, reserved 1048576K
}
Event: 56.620 GC heap after
{Heap after GC invocations=46 (full 0):
 garbage-first heap   total 194560K, used 91682K [0x0000000080000000, 0x0000000100000000)
  region size 1024K, 6 young (6144K), 6 survivors (6144K)
 Metaspace       used 91365K, committed 92032K, reserved 1130496K
  class space    used 12409K, committed 12736K, reserved 1048576K
}
Event: 59.558 GC heap before
{Heap before GC invocations=46 (full 0):
 garbage-first heap   total 194560K, used 156194K [0x0000000080000000, 0x0000000100000000)
  region size 1024K, 70 young (71680K), 6 survivors (6144K)
 Metaspace       used 97491K, committed 98176K, reserved 1138688K
  class space    used 13195K, committed 13504K, reserved 1048576K
}
Event: 59.578 GC heap after
{Heap after GC invocations=47 (full 0):
 garbage-first heap   total 194560K, used 97926K [0x0000000080000000, 0x0000000100000000)
  region size 1024K, 7 young (7168K), 7 survivors (7168K)
 Metaspace       used 97491K, committed 98176K, reserved 1138688K
  class space    used 13195K, committed 13504K, reserved 1048576K
}
Event: 63.233 GC heap before
{Heap before GC invocations=47 (full 0):
 garbage-first heap   total 194560K, used 158342K [0x0000000080000000, 0x0000000100000000)
  region size 1024K, 65 young (66560K), 7 survivors (7168K)
 Metaspace       used 101902K, committed 102592K, reserved 1138688K
  class space    used 13689K, committed 14016K, reserved 1048576K
}
Event: 63.270 GC heap after
{Heap after GC invocations=48 (full 0):
 garbage-first heap   total 194560K, used 112640K [0x0000000080000000, 0x0000000100000000)
  region size 1024K, 9 young (9216K), 9 survivors (9216K)
 Metaspace       used 101902K, committed 102592K, reserved 1138688K
  class space    used 13689K, committed 14016K, reserved 1048576K
}
Event: 65.569 GC heap before
{Heap before GC invocations=48 (full 0):
 garbage-first heap   total 194560K, used 156672K [0x0000000080000000, 0x0000000100000000)
  region size 1024K, 53 young (54272K), 9 survivors (9216K)
 Metaspace       used 102369K, committed 103040K, reserved 1138688K
  class space    used 13750K, committed 14080K, reserved 1048576K
}
Event: 65.582 GC heap after
{Heap after GC invocations=49 (full 0):
 garbage-first heap   total 194560K, used 111947K [0x0000000080000000, 0x0000000100000000)
  region size 1024K, 4 young (4096K), 4 survivors (4096K)
 Metaspace       used 102369K, committed 103040K, reserved 1138688K
  class space    used 13750K, committed 14080K, reserved 1048576K
}
Event: 68.586 GC heap before
{Heap before GC invocations=49 (full 0):
 garbage-first heap   total 194560K, used 157003K [0x0000000080000000, 0x0000000100000000)
  region size 1024K, 49 young (50176K), 4 survivors (4096K)
 Metaspace       used 106440K, committed 107072K, reserved 1146880K
  class space    used 14311K, committed 14592K, reserved 1048576K
}
Event: 68.598 GC heap after
{Heap after GC invocations=50 (full 0):
 garbage-first heap   total 194560K, used 113996K [0x0000000080000000, 0x0000000100000000)
  region size 1024K, 6 young (6144K), 6 survivors (6144K)
 Metaspace       used 106440K, committed 107072K, reserved 1146880K
  class space    used 14311K, committed 14592K, reserved 1048576K
}
Event: 71.172 GC heap before
{Heap before GC invocations=50 (full 0):
 garbage-first heap   total 194560K, used 159052K [0x0000000080000000, 0x0000000100000000)
  region size 1024K, 51 young (52224K), 6 survivors (6144K)
 Metaspace       used 115807K, committed 116480K, reserved 1155072K
  class space    used 15783K, committed 16064K, reserved 1048576K
}
Event: 71.194 GC heap after
{Heap after GC invocations=51 (full 0):
 garbage-first heap   total 194560K, used 115873K [0x0000000080000000, 0x0000000100000000)
  region size 1024K, 5 young (5120K), 5 survivors (5120K)
 Metaspace       used 115807K, committed 116480K, reserved 1155072K
  class space    used 15783K, committed 16064K, reserved 1048576K
}
Event: 71.486 GC heap before
{Heap before GC invocations=51 (full 0):
 garbage-first heap   total 194560K, used 118945K [0x0000000080000000, 0x0000000100000000)
  region size 1024K, 10 young (10240K), 5 survivors (5120K)
 Metaspace       used 116140K, committed 116800K, reserved 1155072K
  class space    used 15836K, committed 16128K, reserved 1048576K
}
Event: 71.507 GC heap after
{Heap after GC invocations=52 (full 0):
 garbage-first heap   total 194560K, used 116375K [0x0000000080000000, 0x0000000100000000)
  region size 1024K, 3 young (3072K), 3 survivors (3072K)
 Metaspace       used 116140K, committed 116800K, reserved 1155072K
  class space    used 15836K, committed 16128K, reserved 1048576K
}

